This is pdfTeX, Version 3.14159265-2.6-1.40.21 (MiKTeX 2.9.7445) (preloaded format=pdflatex 2020.5.25)  27 MAY 2020 11:26
entering extended mode
**./Relatorio_2.tex
(Relatorio_2.tex
LaTeX2e <2020-02-02> patch level 5
L3 programming layer <2020-05-15> (input/PREAMBLEREPORT.tex
(/home/computa/.miktex/texmfs/install/tex/latex/base/report.cls
Document Class: report 2019/12/20 v1.4l Standard LaTeX document class
(/home/computa/.miktex/texmfs/install/tex/latex/base/size12.clo
File: size12.clo 2019/12/20 v1.4l Standard LaTeX file (size option)
)
\c@part=\count167
\c@chapter=\count168
\c@section=\count169
\c@subsection=\count170
\c@subsubsection=\count171
\c@paragraph=\count172
\c@subparagraph=\count173
\c@figure=\count174
\c@table=\count175
\abovecaptionskip=\skip47
\belowcaptionskip=\skip48
\bibindent=\dimen134
)
(/home/computa/.miktex/texmfs/install/tex/latex/titlepic/titlepic.sty
Package: titlepic 2017/03/14 1.2 Package to display a picture on the title page

)
(/home/computa/.miktex/texmfs/install/tex/latex/base/fontenc.sty
Package: fontenc 2020/02/11 v2.0o Standard LaTeX package
)
(/home/computa/.miktex/texmfs/install/tex/latex/base/inputenc.sty
Package: inputenc 2018/08/11 v1.3c Input encoding file
\inpenc@prehook=\toks15
\inpenc@posthook=\toks16
)
(/usr/local/share/miktex-texmf/tex/generic/babel/babel.sty
Package: babel 2020/05/13 3.44 The Babel package

(/usr/local/share/miktex-texmf/tex/generic/babel/babel.def
File: babel.def 2020/05/13 3.44 Babel common definitions
\babel@savecnt=\count176
\U@D=\dimen135
\l@babelnohyphens=\language1

(/usr/local/share/miktex-texmf/tex/generic/babel/txtbabel.def)
\bbl@readstream=\read2
)
\bbl@dirlevel=\count177

*************************************
* Local config file bblopts.cfg used
*
(/usr/local/share/miktex-texmf/tex/latex/arabi/bblopts.cfg
File: bblopts.cfg 2005/09/08 v0.1 add Arabic and Farsi to "declared" options of
 babel
)
(/home/computa/.miktex/texmfs/install/tex/latex/babel-portuges/portuguese.ldf
Language: portuges 2020/05/04 v1.2r Portuguese support from the babel system


Package babel Warning: No hyphenation patterns were preloaded for
(babel)                the language `Portuguese' into the format.
(babel)                Please, configure your TeX system to add them and
(babel)                rebuild the format. Now I will use the patterns
(babel)                preloaded for \language=0 instead on input line 53.

Package babel Info: Making " an active character on input line 143.
)) (/home/computa/.miktex/texmfs/install/tex/latex/hyphenat/hyphenat.sty
Package: hyphenat 2009/09/02 v2.3c hyphenation utilities
\langwohyphens=\language2
LaTeX Info: Redefining \_ on input line 43.
)
(/usr/local/share/miktex-texmf/tex/latex/graphics/graphicx.sty
Package: graphicx 2019/11/30 v1.2a Enhanced LaTeX Graphics (DPC,SPQR)

(/usr/local/share/miktex-texmf/tex/latex/graphics/keyval.sty
Package: keyval 2014/10/28 v1.15 key=value parser (DPC)
\KV@toks@=\toks17
)
(/usr/local/share/miktex-texmf/tex/latex/graphics/graphics.sty
Package: graphics 2019/11/30 v1.4a Standard LaTeX Graphics (DPC,SPQR)

(/usr/local/share/miktex-texmf/tex/latex/graphics/trig.sty
Package: trig 2016/01/03 v1.10 sin cos tan (DPC)
)
(/usr/local/share/miktex-texmf/tex/latex/graphics-cfg/graphics.cfg
File: graphics.cfg 2016/06/04 v1.11 sample graphics configuration
)
Package graphics Info: Driver file: pdftex.def on input line 105.

(/usr/local/share/miktex-texmf/tex/latex/graphics-def/pdftex.def
File: pdftex.def 2018/01/08 v1.0l Graphics/color driver for pdftex
))
\Gin@req@height=\dimen136
\Gin@req@width=\dimen137
)
(/home/computa/.miktex/texmfs/install/tex/latex/caption/caption.sty
Package: caption 2020/05/10 v3.4j Customizing captions (AR)

(/home/computa/.miktex/texmfs/install/tex/latex/caption/caption3.sty
Package: caption3 2020/05/10 v1.11 caption3 kernel (AR)
Package caption3 Info: TeX engine: e-TeX on input line 61.
\captionmargin=\dimen138
\captionmargin@=\dimen139
\captionwidth=\dimen140
\caption@tempdima=\dimen141
\caption@indent=\dimen142
\caption@parindent=\dimen143
\caption@hangindent=\dimen144
Package caption Info: Standard document class detected.
)
\c@caption@flags=\count178
\c@continuedfloat=\count179
)
(/usr/local/share/miktex-texmf/tex/latex/graphics/color.sty
Package: color 2019/11/23 v1.2a Standard LaTeX Color (DPC)

(/usr/local/share/miktex-texmf/tex/latex/graphics-cfg/color.cfg
File: color.cfg 2016/01/02 v1.6 sample color configuration
)
Package color Info: Driver file: pdftex.def on input line 147.
)
(/home/computa/.miktex/texmfs/install/tex/latex/colortbl/colortbl.sty
Package: colortbl 2020/01/04 v1.0e Color table columns (DPC)

(/usr/local/share/miktex-texmf/tex/latex/tools/array.sty
Package: array 2019/08/31 v2.4l Tabular extension package (FMi)
\col@sep=\dimen145
\ar@mcellbox=\box45
\extrarowheight=\dimen146
\NC@list=\toks18
\extratabsurround=\skip49
\backup@length=\skip50
\ar@cellbox=\box46
)
\everycr=\toks19
\minrowclearance=\skip51
)
(/usr/local/share/miktex-texmf/tex/latex/xcolor/xcolor.sty
Package: xcolor 2016/05/11 v2.12 LaTeX color extensions (UK)

(/usr/local/share/miktex-texmf/tex/latex/graphics-cfg/color.cfg
File: color.cfg 2016/01/02 v1.6 sample color configuration
)
Package xcolor Info: Package option `usenames' ignored on input line 216.
Package xcolor Info: Driver file: pdftex.def on input line 225.
LaTeX Info: Redefining \color on input line 709.
\rownum=\count180
Package xcolor Info: Model `cmy' substituted by `cmy0' on input line 1348.
Package xcolor Info: Model `hsb' substituted by `rgb' on input line 1352.
Package xcolor Info: Model `RGB' extended on input line 1364.
Package xcolor Info: Model `HTML' substituted by `rgb' on input line 1366.
Package xcolor Info: Model `Hsb' substituted by `hsb' on input line 1367.
Package xcolor Info: Model `tHsb' substituted by `hsb' on input line 1368.
Package xcolor Info: Model `HSB' substituted by `hsb' on input line 1369.
Package xcolor Info: Model `Gray' substituted by `gray' on input line 1370.
Package xcolor Info: Model `wave' substituted by `hsb' on input line 1371.

(/usr/local/share/miktex-texmf/tex/latex/graphics/dvipsnam.def
File: dvipsnam.def 2016/06/17 v3.0m Driver-dependent file (DPC,SPQR)
)
(/usr/local/share/miktex-texmf/tex/latex/xcolor/svgnam.def
File: svgnam.def 2016/05/11 v2.12 Predefined colors according to SVG 1.1 (UK)
))
(/home/computa/.miktex/texmfs/install/tex/latex/geometry/geometry.sty
Package: geometry 2020/01/02 v5.9 Page Geometry

(/usr/local/share/miktex-texmf/tex/generic/iftex/ifvtex.sty
Package: ifvtex 2019/10/25 v1.7 ifvtex legacy package. Use iftex instead.

(/usr/local/share/miktex-texmf/tex/generic/iftex/iftex.sty
Package: iftex 2020/03/06 v1.0d TeX engine tests
))
\Gm@cnth=\count181
\Gm@cntv=\count182
\c@Gm@tempcnt=\count183
\Gm@bindingoffset=\dimen147
\Gm@wd@mp=\dimen148
\Gm@odd@mp=\dimen149
\Gm@even@mp=\dimen150
\Gm@layoutwidth=\dimen151
\Gm@layoutheight=\dimen152
\Gm@layouthoffset=\dimen153
\Gm@layoutvoffset=\dimen154
\Gm@dimlist=\toks20

(/home/computa/.miktex/texmfs/install/tex/latex/geometry/geometry.cfg))
(/home/computa/.miktex/texmfs/install/tex/latex/paralist/paralist.sty
Package: paralist 2017/01/22 v2.7 Extended list environments
\pltopsep=\skip52
\plpartopsep=\skip53
\plitemsep=\skip54
\plparsep=\skip55
\pl@lab=\toks21
)
(/home/computa/.miktex/texmfs/install/tex/latex/float/float.sty
Package: float 2001/11/08 v1.3d Float enhancements (AL)
\c@float@type=\count184
\float@exts=\toks22
\float@box=\box47
\@float@everytoks=\toks23
\@floatcapt=\box48
)
(/usr/local/share/miktex-texmf/tex/latex/tools/verbatim.sty
Package: verbatim 2019/11/10 v1.5r LaTeX2e package for verbatim enhancements
\every@verbatim=\toks24
\verbatim@line=\toks25
\verbatim@in@stream=\read3
)
(/home/computa/.miktex/texmfs/install/tex/latex/lipsum/lipsum.sty
(/usr/local/share/miktex-texmf/tex/latex/l3kernel/expl3.sty
Package: expl3 2020-05-15 L3 programming layer (loader) 

(/usr/local/share/miktex-texmf/tex/latex/l3backend/l3backend-pdfmode.def
File: l3backend-pdfmode.def 2020-05-05 L3 backend support: PDF mode
\l__kernel_color_stack_int=\count185
\l__pdf_internal_box=\box49
))
(/usr/local/share/miktex-texmf/tex/latex/l3packages/xparse/xparse.sty
Package: xparse 2020-05-15 L3 Experimental document command parser

(/usr/local/share/miktex-texmf/tex/latex/l3packages/xparse/xparse-generic.tex
\l__xparse_current_arg_int=\count186
\g__xparse_grabber_int=\count187
\l__xparse_m_args_int=\count188
\l__xparse_v_nesting_int=\count189
))
Package: lipsum 2019/01/02 v2.2 150 paragraphs of Lorem Ipsum dummy text
(/home/computa/.miktex/texmfs/install/tex/latex/lipsum/lipsum.ltd.tex
File: lipsum.ltd.tex 2019/01/02 v2.2 The Lorem ipsum dummy text
))
(/usr/local/share/miktex-texmf/tex/latex/tools/multicol.sty
Package: multicol 2019/12/09 v1.8y multicolumn formatting (FMi)
\c@tracingmulticols=\count190
\mult@box=\box50
\multicol@leftmargin=\dimen155
\c@unbalance=\count191
\c@collectmore=\count192
\doublecol@number=\count193
\multicoltolerance=\count194
\multicolpretolerance=\count195
\full@width=\dimen156
\page@free=\dimen157
\premulticols=\dimen158
\postmulticols=\dimen159
\multicolsep=\skip56
\multicolbaselineskip=\skip57
\partial@page=\box51
\last@line=\box52
\maxbalancingoverflow=\dimen160
\mult@rightbox=\box53
\mult@grightbox=\box54
\mult@gfirstbox=\box55
\mult@firstbox=\box56
\@tempa=\box57
\@tempa=\box58
\@tempa=\box59
\@tempa=\box60
\@tempa=\box61
\@tempa=\box62
\@tempa=\box63
\@tempa=\box64
\@tempa=\box65
\@tempa=\box66
\@tempa=\box67
\@tempa=\box68
\@tempa=\box69
\@tempa=\box70
\@tempa=\box71
\@tempa=\box72
\@tempa=\box73
\@tempa=\box74
\@tempa=\box75
\@tempa=\box76
\@tempa=\box77
\@tempa=\box78
\@tempa=\box79
\@tempa=\box80
\@tempa=\box81
\@tempa=\box82
\@tempa=\box83
\@tempa=\box84
\@tempa=\box85
\@tempa=\box86
\@tempa=\box87
\@tempa=\box88
\@tempa=\box89
\@tempa=\box90
\@tempa=\box91
\@tempa=\box92
\@tempa=\box93
\c@minrows=\count196
\c@columnbadness=\count197
\c@finalcolumnbadness=\count198
\last@try=\dimen161
\multicolovershoot=\dimen162
\multicolundershoot=\dimen163
\mult@nat@firstbox=\box94
\colbreak@box=\box95
\mc@col@check@num=\count199
)
(/home/computa/.miktex/texmfs/install/tex/latex/multirow/multirow.sty
Package: multirow 2019/05/31 v2.5 Span multiple rows of a table
\multirow@colwidth=\skip58
\multirow@cntb=\count266
\multirow@dima=\skip59
\bigstrutjot=\dimen164
)
(/home/computa/.miktex/texmfs/install/tex/latex/makecell/makecell.sty
Package: makecell 2009/08/03 V0.1e Managing of Tab Column Heads and Cells
\rotheadsize=\dimen165
\c@nlinenum=\count267
\TeXr@lab=\toks26
)
(/home/computa/.miktex/texmfs/install/tex/latex/babelbib/babelbib.sty
Package: babelbib 2019/03/11 v1.32 babelbib: multilingual bibliographies (HH)
\c@btxromaniannumeral=\count268
)
(/usr/local/share/miktex-texmf/tex/latex/amsfonts/amsfonts.sty
Package: amsfonts 2013/01/14 v3.01 Basic AMSFonts support
\@emptytoks=\toks27
\symAMSa=\mathgroup4
\symAMSb=\mathgroup5
LaTeX Font Info:    Redeclaring math symbol \hbar on input line 98.
LaTeX Font Info:    Overwriting math alphabet `\mathfrak' in version `bold'
(Font)                  U/euf/m/n --> U/euf/b/n on input line 106.
)
(/usr/local/share/miktex-texmf/tex/latex/amsmath/amsmath.sty
Package: amsmath 2020/01/20 v2.17e AMS math features
\@mathmargin=\skip60

For additional information on amsmath, use the `?' option.
(/usr/local/share/miktex-texmf/tex/latex/amsmath/amstext.sty
Package: amstext 2000/06/29 v2.01 AMS text

(/usr/local/share/miktex-texmf/tex/latex/amsmath/amsgen.sty
File: amsgen.sty 1999/11/30 v2.0 generic functions
\@emptytoks=\toks28
\ex@=\dimen166
))
(/usr/local/share/miktex-texmf/tex/latex/amsmath/amsbsy.sty
Package: amsbsy 1999/11/29 v1.2d Bold Symbols
\pmbraise@=\dimen167
)
(/usr/local/share/miktex-texmf/tex/latex/amsmath/amsopn.sty
Package: amsopn 2016/03/08 v2.02 operator names
)
\inf@bad=\count269
LaTeX Info: Redefining \frac on input line 227.
\uproot@=\count270
\leftroot@=\count271
LaTeX Info: Redefining \overline on input line 389.
\classnum@=\count272
\DOTSCASE@=\count273
LaTeX Info: Redefining \ldots on input line 486.
LaTeX Info: Redefining \dots on input line 489.
LaTeX Info: Redefining \cdots on input line 610.
\Mathstrutbox@=\box96
\strutbox@=\box97
\big@size=\dimen168
LaTeX Font Info:    Redeclaring font encoding OML on input line 733.
LaTeX Font Info:    Redeclaring font encoding OMS on input line 734.
\macc@depth=\count274
\c@MaxMatrixCols=\count275
\dotsspace@=\muskip16
\c@parentequation=\count276
\dspbrk@lvl=\count277
\tag@help=\toks29
\row@=\count278
\column@=\count279
\maxfields@=\count280
\andhelp@=\toks30
\eqnshift@=\dimen169
\alignsep@=\dimen170
\tagshift@=\dimen171
\tagwidth@=\dimen172
\totwidth@=\dimen173
\lineht@=\dimen174
\@envbody=\toks31
\multlinegap=\skip61
\multlinetaggap=\skip62
\mathdisplay@stack=\toks32
LaTeX Info: Redefining \[ on input line 2859.
LaTeX Info: Redefining \] on input line 2860.
)
(/usr/local/share/miktex-texmf/tex/latex/amsfonts/amssymb.sty
Package: amssymb 2013/01/14 v3.01 AMS font symbols
)
(/home/computa/.miktex/texmfs/install/tex/latex/adjustbox/adjustbox.sty
Package: adjustbox 2019/01/04 v1.2 Adjusting TeX boxes (trim, clip, ...)

(/usr/local/share/miktex-texmf/tex/latex/xkeyval/xkeyval.sty
Package: xkeyval 2014/12/03 v2.7a package option processing (HA)

(/usr/local/share/miktex-texmf/tex/generic/xkeyval/xkeyval.tex
(/usr/local/share/miktex-texmf/tex/generic/xkeyval/xkvutils.tex
\XKV@toks=\toks33
\XKV@tempa@toks=\toks34
)
\XKV@depth=\count281
File: xkeyval.tex 2014/12/03 v2.7a key=value parser (HA)
))
(/home/computa/.miktex/texmfs/install/tex/latex/adjustbox/adjcalc.sty
Package: adjcalc 2012/05/16 v1.1 Provides advanced setlength with multiple back
-ends (calc, etex, pgfmath)
)
(/home/computa/.miktex/texmfs/install/tex/latex/adjustbox/trimclip.sty
Package: trimclip 2018/04/08 v1.1 Trim and clip general TeX material

(/home/computa/.miktex/texmfs/install/tex/latex/collectbox/collectbox.sty
Package: collectbox 2012/05/17 v0.4b Collect macro arguments as boxes
\collectedbox=\box98
)
\tc@llx=\dimen175
\tc@lly=\dimen176
\tc@urx=\dimen177
\tc@ury=\dimen178
Package trimclip Info: Using driver 'tc-pdftex.def'.

(/home/computa/.miktex/texmfs/install/tex/latex/adjustbox/tc-pdftex.def
File: tc-pdftex.def 2019/01/04 v2.2 Clipping driver for pdftex
))
\adjbox@Width=\dimen179
\adjbox@Height=\dimen180
\adjbox@Depth=\dimen181
\adjbox@Totalheight=\dimen182
\adjbox@pwidth=\dimen183
\adjbox@pheight=\dimen184
\adjbox@pdepth=\dimen185
\adjbox@ptotalheight=\dimen186

(/home/computa/.miktex/texmfs/install/tex/latex/ifoddpage/ifoddpage.sty
Package: ifoddpage 2016/04/23 v1.1 Conditionals for odd/even page detection
\c@checkoddpage=\count282
)
(/home/computa/.miktex/texmfs/install/tex/latex/varwidth/varwidth.sty
Package: varwidth 2009/03/30 ver 0.92;  Variable-width minipages
\@vwid@box=\box99
\sift@deathcycles=\count283
\@vwid@loff=\dimen187
\@vwid@roff=\dimen188
))
(/home/computa/.miktex/texmfs/install/tex/latex/setspace/setspace.sty
Package: setspace 2011/12/19 v6.7a set line spacing
)
\c@theorem=\count284
\c@lemma=\count285
\c@definition=\count286
\c@notation=\count287
\@indexfile=\write3
\openout3 = `Relatorio_2.idx'.


Writing index file Relatorio_2.idx
(Relatorio_2.aux (include/CAPAREPORT.aux))
\openout1 = `Relatorio_2.aux'.

LaTeX Font Info:    Checking defaults for OML/cmm/m/it on input line 184.
LaTeX Font Info:    ... okay on input line 184.
LaTeX Font Info:    Checking defaults for OMS/cmsy/m/n on input line 184.
LaTeX Font Info:    ... okay on input line 184.
LaTeX Font Info:    Checking defaults for OT1/cmr/m/n on input line 184.
LaTeX Font Info:    ... okay on input line 184.
LaTeX Font Info:    Checking defaults for T1/cmr/m/n on input line 184.
LaTeX Font Info:    ... okay on input line 184.
LaTeX Font Info:    Checking defaults for TS1/cmr/m/n on input line 184.
LaTeX Font Info:    ... okay on input line 184.
LaTeX Font Info:    Checking defaults for OMX/cmex/m/n on input line 184.
LaTeX Font Info:    ... okay on input line 184.
LaTeX Font Info:    Checking defaults for U/cmr/m/n on input line 184.
LaTeX Font Info:    ... okay on input line 184.

(/usr/local/share/miktex-texmf/tex/context/base/mkii/supp-pdf.mkii
[Loading MPS to PDF converter (version 2006.09.02).]
\scratchcounter=\count288
\scratchdimen=\dimen189
\scratchbox=\box100
\nofMPsegments=\count289
\nofMParguments=\count290
\everyMPshowfont=\toks35
\MPscratchCnt=\count291
\MPscratchDim=\dimen190
\MPnumerator=\count292
\makeMPintoPDFobject=\count293
\everyMPtoPDFconversion=\toks36
) (/usr/local/share/miktex-texmf/tex/latex/epstopdf-pkg/epstopdf-base.sty
Package: epstopdf-base 2020-01-24 v2.11 Base part for package epstopdf
Package epstopdf-base Info: Redefining graphics rule for `.eps' on input line 4
85.
)
Package caption Info: Begin \AtBeginDocument code.
Package caption Info: float package is loaded.
Package caption Info: End \AtBeginDocument code.

*geometry* driver: auto-detecting
*geometry* detected driver: pdftex
*geometry* verbose mode - [ preamble ] result:
* driver: pdftex
* paper: a4paper
* layout: <same size as paper>
* layoutoffset:(h,v)=(0.0pt,0.0pt)
* modes: 
* h-part:(L,W,R)=(42.67912pt, 520.68553pt, 34.14322pt)
* v-part:(T,H,B)=(56.9055pt, 731.23584pt, 56.9055pt)
* \paperwidth=597.50787pt
* \paperheight=845.04684pt
* \textwidth=520.68553pt
* \textheight=731.23584pt
* \oddsidemargin=-29.59087pt
* \evensidemargin=-29.59087pt
* \topmargin=-52.36449pt
* \headheight=12.0pt
* \headsep=25.0pt
* \topskip=12.0pt
* \footskip=30.0pt
* \marginparwidth=35.0pt
* \marginparsep=10.0pt
* \columnsep=10.0pt
* \skip\footins=10.8pt plus 4.0pt minus 2.0pt
* \hoffset=0.0pt
* \voffset=0.0pt
* \mag=1000
* \@twocolumnfalse
* \@twosidefalse
* \@mparswitchfalse
* \@reversemarginfalse
* (1in=72.27pt=25.4mm, 1cm=28.453pt)

babelbib: Use citation-dependent languages in bibliography
babelbib: Set bibliography fall-back language to portuguese
(/home/computa/.miktex/texmfs/install/tex/latex/babelbib/portuguese.bdf
File: portuguese.bdf 2019/03/11 v1.32 babelbib: multilingual bibliographies (HH
)

babelbib extension \bibsportuguese added to \extrasportuguese
babelbib extension \btxifchangecaseoff added to \extrasportuguese
))
\openout2 = `./include/CAPAREPORT.aux'.

 (include/CAPAREPORT.tex
<./image/capa/ISEP_marca_cor_grande.png, id=1, 730.6497pt x 278.2395pt>
File: ./image/capa/ISEP_marca_cor_grande.png Graphic file (type png)
<use ./image/capa/ISEP_marca_cor_grande.png>
Package pdftex.def Info: ./image/capa/ISEP_marca_cor_grande.png  used on input 
line 34.
(pdftex.def)             Requested size: 438.3932pt x 166.94498pt.
LaTeX Font Info:    Trying to load font information for U+msa on input line 35.


(/usr/local/share/miktex-texmf/tex/latex/amsfonts/umsa.fd
File: umsa.fd 2013/01/14 v3.01 AMS symbols A
)
LaTeX Font Info:    Trying to load font information for U+msb on input line 35.


(/usr/local/share/miktex-texmf/tex/latex/amsfonts/umsb.fd
File: umsb.fd 2013/01/14 v3.01 AMS symbols B
))
Overfull \hbox (17.62482pt too wide) in paragraph at lines 33--2
[]$[]$ 
 []

[1


{/home/computa/.miktex/texmfs/data/pdftex/config/pdftex.map} <./image/capa/ISEP
_marca_cor_grande.png>] (Relatorio_2.toc)
\tf@toc=\write4
\openout4 = `Relatorio_2.toc'.

 [2


]
Underfull \hbox (badness 10000) in paragraph at lines 14--19

 []


Underfull \hbox (badness 10000) in paragraph at lines 14--19

 []

[1]
Underfull \hbox (badness 10000) in paragraph at lines 26--47

 []


Overfull \hbox (12.63286pt too wide) in paragraph at lines 26--47
\T1/cmr/m/n/12 O cidadão deve estar numa das situações contributiva abaixo desc
rito para ser considerado um trabalhador
 []


Underfull \hbox (badness 10000) in paragraph at lines 26--47

 []

<./image/SGS/Contribuicoes_1.jpg, id=23, 677.53125pt x 211.79124pt>
File: ./image/SGS/Contribuicoes_1.jpg Graphic file (type jpg)
<use ./image/SGS/Contribuicoes_1.jpg>
Package pdftex.def Info: ./image/SGS/Contribuicoes_1.jpg  used on input line 52
.
(pdftex.def)             Requested size: 338.76479pt x 105.89536pt.

Underfull \hbox (badness 10000) in paragraph at lines 55--65

 []


Underfull \hbox (badness 10000) in paragraph at lines 55--65

 []


Underfull \hbox (badness 10000) in paragraph at lines 55--65

 []


Underfull \hbox (badness 10000) in paragraph at lines 55--65

 []


Underfull \hbox (badness 10000) in paragraph at lines 55--65

 []

[1 <./image/SGS/Contribuicoes_1.jpg>]
Underfull \hbox (badness 10000) in paragraph at lines 71--91

 []


Underfull \hbox (badness 10000) in paragraph at lines 71--91

 []


Underfull \hbox (badness 10000) in paragraph at lines 71--91

 []


Underfull \hbox (badness 10000) in paragraph at lines 71--91

 []


Underfull \hbox (badness 10000) in paragraph at lines 71--91

 []


Underfull \hbox (badness 10000) in paragraph at lines 71--91

 []

LaTeX Font Info:    Trying to load font information for T1+cmss on input line 9
3.
(/home/computa/.miktex/texmfs/install/tex/latex/base/t1cmss.fd
File: t1cmss.fd 2019/12/16 v2.5j Standard LaTeX font definitions
)
<./image/Change/Forces for Change.jpg, id=34, 602.25pt x 508.90125pt>
File: ./image/Change/Forces for Change.jpg Graphic file (type jpg)
<use ./image/Change/Forces for Change.jpg>
Package pdftex.def Info: ./image/Change/Forces for Change.jpg  used on input li
ne 96.
(pdftex.def)             Requested size: 313.1718pt x 264.63017pt.
 [2]
<./image/Leadership/Leadership Models.jpg, id=42, 532.99126pt x 507.8975pt>
File: ./image/Leadership/Leadership Models.jpg Graphic file (type jpg)
<use ./image/Leadership/Leadership Models.jpg>
Package pdftex.def Info: ./image/Leadership/Leadership Models.jpg  used on inpu
t line 104.
(pdftex.def)             Requested size: 277.15704pt x 264.10823pt.

Underfull \hbox (badness 10000) in paragraph at lines 99--106

 []

[3 <./image/Change/Forces for Change.jpg>]
<./image/Change/Three Change Approaches.jpg, id=47, 965.6075pt x 448.67625pt>
File: ./image/Change/Three Change Approaches.jpg Graphic file (type jpg)
<use ./image/Change/Three Change Approaches.jpg>
Package pdftex.def Info: ./image/Change/Three Change Approaches.jpg  used on in
put line 110.
(pdftex.def)             Requested size: 502.11879pt x 233.31299pt.
 [4 <./image/Leadership/Leadership Models.jpg> <./image/Change/Three Change App
roaches.jpg>]
Underfull \hbox (badness 10000) in paragraph at lines 116--138

 []


Underfull \hbox (badness 10000) in paragraph at lines 116--138

 []


Underfull \hbox (badness 10000) in paragraph at lines 116--138

 []


Underfull \hbox (badness 10000) in paragraph at lines 116--138

 []


Underfull \hbox (badness 10000) in paragraph at lines 116--138

 []


Underfull \hbox (badness 10000) in paragraph at lines 116--138

 []


Underfull \hbox (badness 10000) in paragraph at lines 116--138

 []


Underfull \hbox (badness 10000) in paragraph at lines 116--138

 []

[5]
<./image/Salary/Universidade.jpg, id=55, 634.37pt x 531.9875pt>
File: ./image/Salary/Universidade.jpg Graphic file (type jpg)
<use ./image/Salary/Universidade.jpg>
Package pdftex.def Info: ./image/Salary/Universidade.jpg  used on input line 14
2.
(pdftex.def)             Requested size: 329.8743pt x 276.63509pt.

Underfull \hbox (badness 10000) in paragraph at lines 139--144

 []


Underfull \hbox (badness 10000) in paragraph at lines 145--152

 []


Overfull \hbox (6.09961pt too wide) in paragraph at lines 145--152
\T1/cmr/m/n/12 Intervalo salarial máximo e mínimo da maioria dos trabalhadores 
da profissão Engenheiros Eletrotécnicos
 []


Underfull \hbox (badness 10000) in paragraph at lines 145--152

 []

[6 <./image/Salary/Universidade.jpg>]
Overfull \hbox (5.49649pt too wide) in paragraph at lines 153--153
[]\T1/cmr/bx/n/17.28 A gestão de carreira e as competências necessárias num mun
do
 []

(group/Competencias.tex
Underfull \hbox (badness 10000) in paragraph at lines 155--2

 []


Underfull \hbox (badness 10000) in paragraph at lines 155--2

 []


Underfull \hbox (badness 10000) in paragraph at lines 8--12

 []


Underfull \hbox (badness 10000) in paragraph at lines 12--14

 []


Underfull \hbox (badness 10000) in paragraph at lines 25--26

 []


Underfull \hbox (badness 10000) in paragraph at lines 26--27

 []


Underfull \hbox (badness 10000) in paragraph at lines 29--34

 []


Underfull \hbox (badness 10000) in paragraph at lines 39--42

 []


Underfull \hbox (badness 10000) in paragraph at lines 42--46

 []


Underfull \hbox (badness 10000) in paragraph at lines 46--50

 []


Underfull \hbox (badness 10000) in paragraph at lines 50--56

 []


Underfull \hbox (badness 10000) in paragraph at lines 56--62

 []

) (group/sergio1020881.tex
Overfull \hbox (2.61047pt too wide) in paragraph at lines 4--1
[] []
 []


Overfull \hbox (27.64432pt too wide) in paragraph at lines 4--1
\T1/cmr/m/n/12 Compreender quais a competências, tanto como as cognitivas e ope
racionais, quais são melhor recompensados
 []


Overfull \hbox (2.71439pt too wide) in paragraph at lines 4--1
\T1/cmr/m/n/12 desigualdade salarial e desemprego dos trabalhadores sem esses t
ipos de competências, dai a importância
 []


Underfull \hbox (badness 10000) in paragraph at lines 4--1

 []

[7]
Underfull \hbox (badness 10000) in paragraph at lines 13--14

 []


Underfull \hbox (badness 10000) in paragraph at lines 5--26

 []

<./image/Skills/Managerial Skills for the Global Marketplace.jpg, id=62, 942.52
126pt x 480.79625pt>
File: ./image/Skills/Managerial Skills for the Global Marketplace.jpg Graphic f
ile (type jpg)
<use ./image/Skills/Managerial Skills for the Global Marketplace.jpg>
Package pdftex.def Info: ./image/Skills/Managerial Skills for the Global Market
place.jpg  used on input line 30.
(pdftex.def)             Requested size: 282.75856pt x 144.23997pt.

Overfull \hbox (8.30093pt too wide) in paragraph at lines 2--38
[]$ $[]$ 
 []


Underfull \hbox (badness 10000) in paragraph at lines 2--38

 []


Underfull \hbox (badness 10000) in paragraph at lines 2--38

 []


Underfull \hbox (badness 10000) in paragraph at lines 2--38

 []

[8 <./image/Skills/Managerial Skills for the Global Marketplace.jpg>]
Underfull \hbox (badness 10000) in paragraph at lines 40--78

 []


Overfull \hbox (14.63141pt too wide) in paragraph at lines 40--78
[]
 []


Underfull \hbox (badness 10000) in paragraph at lines 79--85

 []


Underfull \hbox (badness 10000) in paragraph at lines 79--85

 []

)
Overfull \hbox (30.08307pt too wide) in paragraph at lines 86--169
\T1/cmr/m/n/12 O Papel do CV serve para sermos selecionados para uma eventual e
ntrevistas de trabalho, e consequentemente
 []


Overfull \hbox (2.5771pt too wide) in paragraph at lines 86--169
\T1/cmr/m/n/12 O CV em principio deve conter tua identificação, morada, formaçã
o académica e literária, personalidade,
 []


Underfull \hbox (badness 10000) in paragraph at lines 86--169

 []


Underfull \hbox (badness 10000) in paragraph at lines 86--169

 []

[9] [10]
Underfull \hbox (badness 10000) in paragraph at lines 172--189

 []


Underfull \hbox (badness 10000) in paragraph at lines 172--189

 []


Underfull \hbox (badness 10000) in paragraph at lines 172--189

 []


Underfull \hbox (badness 10000) in paragraph at lines 172--189

 []


Underfull \hbox (badness 10000) in paragraph at lines 172--189

 []

[11] (Relatorio_2.lof)
\tf@lof=\write5
\openout5 = `Relatorio_2.lof'.

 (Relatorio_2.bbl [12

]
babelbib: Using the BibTeX style's default font for `name'.
babelbib: Using the BibTeX style's default font for `lastname'.
babelbib: Using the BibTeX style's default font for `title'.
babelbib: Using the BibTeX style's default font for `jtitle'.
babelbib: Using the BibTeX style's default font for `etal'.
babelbib: Using the BibTeX style's default font for `journal'.
babelbib: Using the BibTeX style's default font for `volume'.
babelbib: Using the BibTeX style's default font for `ISBN'.
babelbib: Using the BibTeX style's default font for `ISSN'.
babelbib: Using the BibTeX style's default font for `url'.
babelbib: Using the BibTeX style's default font for `numeral'.

Underfull \hbox (badness 1874) in paragraph at lines 50--58
[]\T1/cmr/m/n/12 Gibson, James L., John M. Ivancevich, James H. Donnelly e Jr. 
Robert Konopaske:
 []

) [13

] [14] (Relatorio_2.aux (include/CAPAREPORT.aux)) ) 
Here is how much of TeX's memory you used:
 8403 strings out of 482728
 132232 string characters out of 2948903
 531272 words of memory out of 3000000
 23943 multiletter control sequences out of 15000+200000
 555421 words of font info for 81 fonts, out of 3000000 for 9000
 0 hyphenation exceptions out of 8191
 41i,15n,79p,815b,598s stack positions out of 5000i,500n,10000p,200000b,50000s
 </home/computa/.miktex/texm
fs/data/fonts/pk/ljfour/jknappen/ec/dpi600/ecrm1000.pk> </home/computa/.miktex/
texmfs/data/fonts/pk/ljfour/jknappen/ec/dpi600/ecrm0700.pk> </home/computa/.mik
tex/texmfs/data/fonts/pk/ljfour/jknappen/ec/dpi600/ecrm0800.pk> </home/computa/
.miktex/texmfs/data/fonts/pk/ljfour/jknappen/ec/dpi600/tcti1200.pk> </home/comp
uta/.miktex/texmfs/data/fonts/pk/ljfour/jknappen/ec/dpi600/ecss1200.pk> </home/
computa/.miktex/texmfs/data/fonts/pk/ljfour/jknappen/ec/dpi600/ecti1200.pk> </h
ome/computa/.miktex/texmfs/data/fonts/pk/ljfour/jknappen/ec/dpi600/ecrm1095.pk>
 </home/computa/.miktex/texmfs/data/fonts/pk/ljfour/jknappen/ec/dpi600/ecbx1095
.pk> </home/computa/.miktex/texmfs/data/fonts/pk/ljfour/jknappen/ec/dpi600/tcrm
1200.pk> </home/computa/.miktex/texmfs/data/fonts/pk/ljfour/jknappen/ec/dpi600/
ecbx1728.pk> </home/computa/.miktex/texmfs/data/fonts/pk/ljfour/jknappen/ec/dpi
600/ecbx1200.pk> </home/computa/.miktex/texmfs/data/fonts/pk/ljfour/jknappen/ec
/dpi600/ecrm1200.pk> </home/computa/.miktex/texmfs/data/fonts/pk/ljfour/jknappe
n/ec/dpi600/ecbx2488.pk> </home/computa/.miktex/texmfs/data/fonts/pk/ljfour/jkn
appen/ec/dpi600/ecti1440.pk> </home/computa/.miktex/texmfs/data/fonts/pk/ljfour
/jknappen/ec/dpi600/ecrm1440.pk> </home/computa/.miktex/texmfs/data/fonts/pk/lj
four/jknappen/ec/dpi600/ecbx1440.pk> </home/computa/.miktex/texmfs/data/fonts/p
k/ljfour/jknappen/ec/dpi600/ecrm2074.pk></usr/local/share/miktex-texmf/fonts/ty
pe1/public/amsfonts/cm/cmex10.pfb></usr/local/share/miktex-texmf/fonts/type1/pu
blic/amsfonts/cm/cmmi10.pfb></usr/local/share/miktex-texmf/fonts/type1/public/a
msfonts/cm/cmmi12.pfb></usr/local/share/miktex-texmf/fonts/type1/public/amsfont
s/cm/cmr12.pfb></usr/local/share/miktex-texmf/fonts/type1/public/amsfonts/cm/cm
r17.pfb></usr/local/share/miktex-texmf/fonts/type1/public/amsfonts/cm/cmr8.pfb>
</usr/local/share/miktex-texmf/fonts/type1/public/amsfonts/cm/cmsy10.pfb></usr/
local/share/miktex-texmf/fonts/type1/public/amsfonts/cm/cmsy8.pfb>
Output written on Relatorio_2.pdf (17 pages, 650271 bytes).
PDF statistics:
 591 PDF objects out of 1000 (max. 8388607)
 0 named destinations out of 1000 (max. 500000)
 36 words of extra memory for PDF output out of 10000 (max. 10000000)

