This is pdfTeX, Version 3.14159265-2.6-1.40.21 (MiKTeX 2.9.7300) (preloaded format=pdflatex 2020.2.25)  19 MAR 2020 22:21
entering extended mode
**./PREAMBLE.tex
(PREAMBLE.tex
LaTeX2e <2020-02-02> patch level 3
L3 programming layer <2020-02-21>

! LaTeX Error: File `beamer.cls' not found.

Type X to quit or <RETURN> to proceed,
or enter new name. (Default extension: cls)

Enter file name: 
! Emergency stop.
<read *> 
         
l.7 \usepackage
               [T1]{fontenc}
*** (cannot \read from terminal in nonstop modes)

 
Here is how much of TeX's memory you used:
 24 strings out of 483473
 524 string characters out of 2966451
 231492 words of memory out of 3000000
 15139 multiletter control sequences out of 15000+200000
 532338 words of font info for 24 fonts, out of 3000000 for 9000
 0 hyphenation exceptions out of 8191
 14i,0n,17p,112b,10s stack positions out of 5000i,500n,10000p,200000b,50000s
!  ==> Fatal error occurred, no output PDF file produced!
